abejun0
abekenichi0
abeosamu0
abeyumiko0
ainoue0
aishii0
akato0
akemi230
akemi500
akemi540
akemi600
akemi670
akemi800
akemi910
akemigoto0
akemiikeda0
akemiinoue0
akemiito0
akemikobayashi0
akira180
akira580
akira680
akira740
akira800
akirafujiwara0
akiraito0
akiramaeda0
akiranishimura0
akirasuzuki0
akirasuzuki1
akiratakahashi0
akondo0
anakajima0
aogawa0
aokikazuya0
aokimiki0
aokirika0
aokitaro0
asaito0
asaito1
asaito2
asato0
asuka100
asuka120
asuka250
asuka370
asuka500
asukaishii0
asukaito0
asukakobayashi0
asukamaeda0
asukamurakami0
asuzuki0
atakahashi0
atsushi470
atsushi920
atsushi921
atsushiinoue0
atsushikondo0
atsushimatsumoto0
atsushitakahashi0
atsushitakahashi1
atsushiyamaguchi0
ayamazaki0
ayamazaki1
bmatsumoto0
bmori0
bsaito0
bsasaki0
bsuzuki0
chiyo310
chiyo370
chiyo540
chiyo580
chiyo790
chiyo810
chiyofujii0
chiyonakamura0
chiyoyamamoto0
cogawa0
csato0
csuzuki0
cwatanabe0
cyamaguchi0
cyamaguchi1
dikeda0
dkimura0
dnakamura0
dokada0
dokada1
dota0
dtanaka0
dyamashita0
einoue0
eishikawa0
eito0
ekato0
ekato1
ekato2
ekobayashi0
enakamura0
endokenichi0
endomomoko0
endotomoya0
eokada0
esasaki0
esato0
esato1
eshimizu0
esuzuki0
etakahashi0
etakahashi1
etanaka0
eyamazaki0
eyoshida0
fito0
fkobayashi0
fmatsuda0
fmurakami0
fnakamura0
ftakahashi0
ftakahashi1
fujiiatsushi0
fujiimikako0
fujitataichi0
fujitayoichi0
fujiwarahideki0
fujiwaramanabu0
fujiwaramituru0
fujiwararei0
fujiwarataro0
fujiwarayuki0
fukudahiroshi0
fukudamomoko0
fukudananami0
fyamada0
fyamaguchi0
fyamaguchi1
fyamamoto0
gmatsuda0
gmatsumoto0
gnakamura0
gogawa0
gotoakemi0
gotokazuya0
gotomanabu0
gotoshohei0
gsuzuki0
gtanaka0
gyamamoto0
gyamashita0
gyoshida0
gyoshida1
hanako410
hanako580
hanako640
hanakokondo0
hanakookada0
haruka030
haruka100
haruka260
haruka350
haruka630
haruka730
harukagoto0
harukasasaki0
harukasuzuki0
harukawatanabe0
hasegawakumiko0
hasegawakumiko1
hasegawamituru0
hasegawamomoko0
hasegawanaoto0
hasegawatakuma0
hashimotoakemi0
hashimotoasuka0
hashimotokenichi0
hashimotomikako0
hayashikenichi0
hayashinaoko0
hayashirei0
hideki630
hidekiishikawa0
hidekimaeda0
hidekimurakami0
hidekinakamura0
hidekisakamoto0
hidekiyamamoto0
hiroshi070
hiroshi180
hiroshi800
hiroshi960
hiroshiaoki0
hiroshiendo0
hiroshifujita0
hiroshikobayashi0
hiroshiokamoto0
hiroshisuzuki0
hiroshisuzuki1
hiroshitakahashi0
hiroshitanaka0
hiroshitanaka1
hiroshiyoshida0
hmori0
hsato0
hyamamoto0
ihayashi0
ikedahideki0
ikedajun0
ikedayoko0
ikedayosuke0
inakamura0
inouehanako0
inouenaoki0
inouenaoto0
inoueosamu0
ishiiakira0
ishikawakana0
itoharuka0
itojun0
itokana0
itomai0
itomomoko0
itosotaro0
itoyumiko0
iyamamoto0
iyamazaki0
jendo0
jishii0
jmurakami0
jmurakami1
jnakamura0
jnakamura1
jokada0
jokamoto0
jokamoto1
jota0
jsasaki0
jsato0
jsato1
jsuzuki0
jsuzuki1
jtanaka0
jun240
jun320
jun430
jun820
junito0
junkondo0
junmatsuda0
junnishimura0
juntanaka0
junyamada0
jwatanabe0
jyamada0
kana350
kana550
kana990
kanaokamoto0
kanasaito0
kanatakahashi0
kanayamamoto0
kaori190
kaori320
kaori570
kaori580
kaorikato0
kaorikobayashi0
kaoriokamoto0
kaoritanaka0
katokumiko0
katomai0
katoshota0
katotaichi0
katotsubasa0
katoyui0
katoyuta0
kazuya250
kazuya380
kazuya680
kazuya770
kazuya810
kazuyahasegawa0
kazuyahayashi0
kenichi160
kenichi170
kenichi470
kenichi840
kenichi870
kenichihashimoto0
kenichinakamura0
kenichiwatanabe0
kimurahanako0
kimuraharuka0
kimurakenichi0
kimuramikako0
kimuramiki0
kimuranaoki0
kimuratomoya0
kimurayui0
kimurayumiko0
kkato0
kkato1
kobayashihideki0
kobayashikaori0
kobayashiminoru0
kobayashirei0
kobayashisayuri0
kobayashishota0
kobayashitsubasa0
kobayashiyasuhiro0
kobayashiyoko0
kondoakira0
kondonaoto0
kondoshota0
kondotaichi0
kondoyoko0
kumiko030
kumiko410
kumiko770
kumiko980
kumikokobayashi0
kumikokobayashi1
kumikomaeda0
kumikowatanabe0
kyosuke140
kyosuke210
kyosuke370
kyosukesasaki0
kyosukewatanabe0
lfujii0
lgoto0
lhashimoto0
lito0
lito1
lkato0
lmatsumoto0
lnakamura0
lota0
ltakahashi0
ltanaka0
lyamamoto0
lyamashita0
maaya110
maaya140
maaya250
maaya390
maaya910
maayafujiwara0
maayamatsumoto0
maayanakagawa0
maayaokamoto0
maayasasaki0
maayasato0
maayayoshida0
maedamaaya0
maedanaoko0
maedataro0
mai270
mai500
mai600
mai710
mai770
mai860
maifujita0
maifujiwara0
maisasaki0
maiyamamoto0
maiyamazaki0
manabu050
manabu370
manabu450
manabu620
manabu621
manabu710
manabu770
manabu800
manabukobayashi0
manabuota0
manabusakamoto0
manabusasaki0
manabusato0
manabusato1
manabutakahashi0
manabutanaka0
manabuyamamoto0
matsudanaoko0
matsudayoichi0
matsumotokumiko0
matsumotomanabu0
matsumotonaoko0
mgoto0
mikako020
mikako290
mikako340
mikako380
mikako780
mikakoishikawa0
mikakokobayashi0
mikakosasaki0
mikakoyamamoto0
miki170
miki190
miki320
miki470
miki730
mikisato0
mikiyoshida0
minoru110
minoru160
minoru210
minoru370
minoru400
minoruhashimoto0
minoruito0
minorusato0
minoruyoshida0
mituru070
mituru130
mituru180
mituru710
mituru840
mituruhayashi0
miturusato0
miturutakahashi0
miuraatsushi0
miurahanako0
miurasatomi0
miurataichi0
mkondo0
mkondo1
momoko040
momoko070
momoko350
momoko980
momoko990
momokoabe0
momokofujiwara0
momokofukuda0
momokohashimoto0
momokoishii0
momokomori0
momokosuzuki0
momokosuzuki1
momokotanaka0
momokowatanabe0
morijun0
morijun1
morimanabu0
moriminoru0
moriyuta0
msaito0
msuzuki0
mtanaka0
murakamihiroshi0
murakamiosamu0
myamada0
myamada1
myamaguchi0
myamamoto0
nakagawamaaya0
nakagawamituru0
nakajimamiki0
nakajimarei0
nakajimasotaro0
nakajimayui0
nakamuraharuka0
nakamurajun0
nakamurakaori0
nakamurakazuya0
nakamurarei0
nakamurasatomi0
nakamurataichi0
name
nanami090
nanami140
nanami660
nanami710
nanami830
nanami990
nanamikobayashi0
nanamikondo0
nanamimaeda0
nanamimurakami0
nanamiota0
nanamisuzuki0
nanamitanaka0
naoki090
naoki220
naoki250
naoki350
naoki460
naoki630
naoki870
naoki880
naokigoto0
naokiikeda0
naokiikeda1
naokimatsumoto0
naokitanaka0
naokitanaka1
naokiyamamoto0
naoko310
naoko340
naoko440
naoko560
naoko880
naoko980
naokoaoki0
naokokimura0
naokokondo0
naokosakamoto0
naokoyamaguchi0
naoto500
naoto740
naotoinoue0
naotoito0
naotomori0
naotosasaki0
nfujii0
nishii0
nishimuraminoru0
nishimurashohei0
nmaeda0
nnakamura0
nsakamoto0
nyamaguchi0
ogawarika0
ogawataichi0
ohayashi0
oinoue0
oito0
okadahanako0
okadasayuri0
okamotokyosuke0
okamotonaoko0
okamototsubasa0
omatsumoto0
onakamura0
osaito0
osamu590
osamu920
osamu950
osamukobayashi0
osamusasaki0
osamusato0
osamuyamaguchi0
osato0
oshimizu0
osuzuki0
otaasuka0
otamaaya0
otaminoru0
otanaoki0
oyoshida0
pfukuda0
pgoto0
phasegawa0
pokada0
pota0
ptanaka0
pwatanabe0
qabe0
qendo0
qikeda0
qkobayashi0
qnakamura0
qnishimura0
qyamashita0
qyamazaki0
rei050
rei080
rei240
rei250
rei340
rei390
rei590
rei850
reiikeda0
reinakamura0
reiogawa0
reitanaka0
reitanaka1
reiwatanabe0
rgoto0
rhasegawa0
rhashimoto0
rika040
rika250
rika370
rika420
rika500
rika570
rika740
rikaito0
rikakobayashi0
rikakobayashi1
rikasakamoto0
rikawatanabe0
rito0
rmatsumoto0
rokada0
rsakamoto0
rsasaki0
ryohei450
ryohei610
ryohei850
ryoheiikeda0
ryoheiishikawa0
ryoheikobayashi0
ryoheiyamada0
ryosuke040
ryosuke220
ryosuke680
ryosukeabe0
ryosukeito0
ryosukemurakami0
ryosukesakamoto0
ryosukewatanabe0
ryosukeyamamoto0
saitojun0
saitomituru0
saitorei0
saitoryosuke0
saitosayuri0
saitotakuma0
saitotakuma1
saitoyosuke0
saitoyuki0
sakamotomikako0
sakamotorika0
sakamotoshohei0
sakamotosotaro0
sakamotoyoichi0
sasakimai0
sasakirei0
sasakitakuma0
sasakiyosuke0
satoakemi0
satoasuka0
satokaori0
satomi130
satomi200
satomi280
satomi720
satomi900
satomifujiwara0
satomikako0
satomikato0
satomisato0
satomitakahashi0
satomiyamamoto0
satonaoki0
satorika0
satorika1
satoryosuke0
satosatomi0
satoyoichi0
satoyosuke0
satoyumiko0
satoyuta0
satoyuta1
sayuri130
sayuri230
sayuri650
sayuri860
sayurihashimoto0
sayurikobayashi0
sayurikondo0
sgoto0
shimizuakemi0
shimizuatsushi0
shimizuhideki0
shimizukumiko0
shimizumaaya0
shohei040
shohei240
shohei660
shohei720
shoheinishimura0
shoheiyoshida0
shota220
shota790
shota870
shotafujiwara0
shotaishikawa0
shotamatsumoto0
shotayamada0
sishii0
skobayashi0
smatsuda0
smatsumoto0
snakamura0
sotaro880
ssato0
suzukichiyo0
suzukihanako0
suzukiharuka0
suzukiharuka1
suzukijun0
suzukijun1
suzukikana0
suzukimaaya0
suzukimaaya1
suzukimaaya2
suzukimiki0
suzukimomoko0
suzukinanami0
suzukinaoki0
suzukinaoto0
suzukiosamu0
suzukiryohei0
suzukisatomi0
suzukishohei0
suzukishota0
suzukitakuma0
suzukitsubasa0
suzukiyasuhiro0
suzukiyumiko0
suzukiyuta0
taichi000
taichi180
taichi181
taichi460
taichi560
taichi990
taichifukuda0
taichikato0
taichikimura0
taichinakajima0
taichinakamura0
takahashiatsushi0
takahashikumiko0
takahashinaoto0
takahashiosamu0
takahashiryosuke0
takahashitomoya0
takuma040
takuma170
takuma250
takuma300
takuma380
takuma570
takuma600
takuma790
takumainoue0
takumaokada0
takumasuzuki0
takumatanaka0
takumayoshida0
tanakahanako0
tanakahanako1
tanakahideki0
tanakahideki1
tanakahiroshi0
tanakahiroshi1
tanakakenichi0
tanakamai0
tanakamiki0
tanakanaoto0
tanakaryohei0
tanakasayuri0
tanakashohei0
tanakashohei1
tanakashohei2
taro150
taro210
taro340
taro500
taro660
taro820
taro890
tarosato0
taroyamamoto0
test001
thayashi0
tishii0
tmurakami0
tnakagawa0
tokamoto0
tomoya100
tomoya190
tomoya240
tomoya400
tomoya450
tomoya540
tomoya630
tomoyakato0
tomoyanakajima0
tomoyasato0
tomoyatakahashi0
tshimizu0
tsubasa240
tsubasa260
tsubasa300
tsubasa470
tsubasa610
tsubasa790
tsubasainoue0
tsubasamaeda0
tsubasashimizu0
tsubasasuzuki0
tsubasatakahashi0
tsuzuki0
ttanaka0
ttanaka1
tyamada0
tyamaguchi0
tyamaguchi1
uhasegawa0
uhasegawa1
uhayashi0
ukobayashi0
uokada0
usuzuki0
usuzuki1
vhashimoto0
vinoue0
vishikawa0
vito0
vkato0
vkato1
vmaeda0
vmiura0
vokada0
vsuzuki0
vsuzuki1
vtakahashi0
vwatanabe0
vwatanabe1
vyamaguchi0
vyamazaki0
watanabehiroshi0
watanabemanabu0
watanabenanami0
watanaberyosuke0
watanabesatomi0
watanabeyoichi0
watanabeyoko0
watanabeyuta0
wfujita0
wgoto0
winoue0
wishikawa0
wmori0
wnakagawa0
wsato0
wsuzuki0
wtanaka0
wwatanabe0
wyamaguchi0
wyamaguchi1
wyamazaki0
wyamazaki1
xishii0
xnakajima0
xnishimura0
xogawa0
xota0
xtakahashi0
xwatanabe0
xyamada0
xyamaguchi0
xyamamoto0
yamadaasuka0
yamadakaori0
yamadakaori1
yamadamiki0
yamadamituru0
yamadayoko0
yamaguchijun0
yamaguchikazuya0
yamaguchimanabu0
yamaguchimomoko0
yamaguchinaoto0
yamaguchiyumiko0
yamaguchiyuta0
yamamotoakemi0
yamamotohiroshi0
yamamotomituru0
yamamotosayuri0
yamashitaakemi0
yamashitamaaya0
yamashitaosamu0
yamashitasatomi0
yamashitatsubasa0
yamashitayosuke0
yamashitayumiko0
yamazakikaori0
yamazakimikako0
yamazakimituru0
yamazakisayuri0
yasuhiro650
yasuhirohashimoto0
yasuhirokato0
yasuhiroogawa0
yasuhirotakahashi0
yishikawa0
yito0
ykimura0
ykobayashi0
ykobayashi1
ymori0
ymori1
ynakamura0
ynishimura0
yoichi150
yoichi440
yoichi441
yoichi660
yoichi730
yoichiendo0
yoichihayashi0
yoichikobayashi0
yoichimurakami0
yoichiogawa0
yoichiyamamoto0
yoichiyoshida0
yoko110
yoko111
yoko160
yoko300
yoko310
yoko420
yoko460
yoko600
yoko800
yokokondo0
yokotakahashi0
yokotanaka0
yoshidahideki0
yoshidahiroshi0
yoshidakyosuke0
yoshidamai0
yoshidamai1
yoshidamiki0
yoshidaryohei0
yoshidatomoya0
yoshidayasuhiro0
yosuke350
yosuke490
yosuke710
yosuke890
yosuke950
yosukeishikawa0
yosukeishikawa1
yosukekimura0
yosukewatanabe0
yosukewatanabe1
ysaito0
yui950
yuinakagawa0
yuinakamura0
yuisasaki0
yuiwatanabe0
yuiwatanabe1
yuki480
yuki500
yuki620
yuki730
yukifukuda0
yukigoto0
yukiito0
yukikimura0
yukinakamura0
yukiokada0
yukishimizu0
yukiyoshida0
yumiko050
yumiko070
yumiko100
yumiko680
yumikohayashi0
yumikonakamura0
yumikosuzuki0
yumikoyamamoto0
yuta030
yuta090
yuta100
yuta210
yuta330
yutafujiwara0
yutakobayashi0
yutamatsumoto0
yutamori0
yutanakajima0
yutaota0
yutasaito0
yutatakahashi0
yutawatanabe0
yutayoshida0
ywatanabe0
yyamamoto0
zishikawa0
zkimura0
zmiura0
zsasaki0
zsato0
zyamada0
zyamazaki0
zyoshida0
